#
# A fatal error has been detected by the Java Runtime Environment:
#
#  SIGSEGV (0xb) at pc=0xb6a88caf, pid=15034, tid=1660840768
#
# JRE version: OpenJDK Runtime Environment (8.0_72-b15) (build 1.8.0_72-internal-b15)
# Java VM: OpenJDK Server VM (25.72-b15 mixed mode linux-x86 )
# Problematic frame:
# V  [libjvm.so+0x489caf]
#
# Failed to write core dump. Core dumps have been disabled. To enable core dumping, try "ulimit -c unlimited" before starting Java again
#
# If you would like to submit a bug report, please visit:
#   http://bugreport.java.com/bugreport/crash.jsp
#

---------------  T H R E A D  ---------------

Current thread (0x62c71000):  VMThread [stack: 0x62f66000,0x62fe7000] [id=15050]

siginfo: si_signo: 11 (SIGSEGV), si_code: 1 (SEGV_MAPERR), si_addr: 0x00000008

Registers:
EAX=0x00000000, EBX=0x62fe5cd4, ECX=0x63578570, EDX=0x00000000
ESP=0x62fe5a70, EBP=0x62fe5ab8, ESI=0x00000000, EDI=0x63577e80
EIP=0xb6a88caf, EFLAGS=0x00010202, CR2=0x00000008

Top of Stack: (sp=0x62fe5a70)
0x62fe5a70:   63577e80 00000000 00000000 b6a8c458
0x62fe5a80:   62fe5a98 47000000 62819c48 b69a697f
0x62fe5a90:   4fffffff 00000000 63577c10 62c71000
0x62fe5aa0:   62fe5cd4 63577bea 62fe5af8 62fe5cd4
0x62fe5ab0:   62fe5b4c 00000161 62fe5af8 b6a899c4
0x62fe5ac0:   62fe5cd4 00000000 00000000 0000ca02
0x62fe5ad0:   00000161 00000004 63577a91 000000b5
0x62fe5ae0:   62fe5cd4 000000fa 62fe0000 000000b5 

Instructions: (pc=0xb6a88caf)
0xb6a88c8f:   00 00 00 00 89 3c 24 89 44 24 04 e8 b1 68 f1 ff
0xb6a88c9f:   89 3c 24 89 44 24 04 e8 85 77 f1 ff 8b 44 87 2c
0xb6a88caf:   0f b6 40 08 3c 5b 74 08 3c 4c 0f 85 91 00 00 00
0xb6a88cbf:   8b 45 18 8d 4d c8 8b 3d fc e3 11 b7 25 ff ff ff 

Register to memory mapping:

EAX=0x00000000 is an unknown value
EBX=0x62fe5cd4 is an unknown value
ECX=0x63578570 is pointing into metadata
EDX=0x00000000 is an unknown value
ESP=0x62fe5a70 is an unknown value
EBP=0x62fe5ab8 is an unknown value
ESI=0x00000000 is an unknown value
EDI=0x63577e80 is pointing into metadata


Stack: [0x62f66000,0x62fe7000],  sp=0x62fe5a70,  free space=510k
Native frames: (J=compiled Java code, j=interpreted, Vv=VM code, C=native code)
V  [libjvm.so+0x489caf]
V  [libjvm.so+0x48a9c4]
V  [libjvm.so+0x48aca5]
V  [libjvm.so+0x48caef]
V  [libjvm.so+0x48cda5]
V  [libjvm.so+0x70a0b3]
V  [libjvm.so+0x70b9eb]
V  [libjvm.so+0x70d1d9]
V  [libjvm.so+0x4ddfd3]
V  [libjvm.so+0x6b31da]
V  [libjvm.so+0x5c8e02]
V  [libjvm.so+0x8ae278]
V  [libjvm.so+0x8acb68]
V  [libjvm.so+0x8acfda]
V  [libjvm.so+0x8ad423]
V  [libjvm.so+0x7150aa]
C  [libpthread.so.0+0x6f70]  start_thread+0xd0

VM_Operation (0x62f64f40): GetOrSetLocal, mode: safepoint, requested by thread 0x62c9a800


---------------  P R O C E S S  ---------------

Java Threads: ( => current thread )
  0x6224d000 JavaThread "ReaderThread" [_thread_in_native, id=15069, stack(0x6232a000,0x6237b000)]
  0x62cafc00 JavaThread "Service Thread" daemon [_thread_blocked, id=15065, stack(0x6270d000,0x6275e000)]
  0x62ca4400 JavaThread "C1 CompilerThread3" daemon [_thread_blocked, id=15064, stack(0x623fc000,0x6247d000)]
  0x62ca2c00 JavaThread "C2 CompilerThread2" daemon [_thread_blocked, id=15063, stack(0x6247d000,0x624fe000)]
  0x62ca1400 JavaThread "C2 CompilerThread1" daemon [_thread_blocked, id=15062, stack(0x624fe000,0x6257f000)]
  0x62c9f800 JavaThread "C2 CompilerThread0" daemon [_thread_blocked, id=15061, stack(0x6257f000,0x62600000)]
  0x62900800 JavaThread "JDWP Command Reader" daemon [_thread_in_native, id=15059, stack(0x6275e000,0x627af000)]
  0x62c9dc00 JavaThread "JDWP Event Helper Thread" daemon [_thread_blocked, id=15057, stack(0x627af000,0x62800000)]
  0x62c9a800 JavaThread "JDWP Transport Listener: dt_socket" daemon [_thread_blocked, id=15055, stack(0x62f15000,0x62f66000)]
  0x62c91800 JavaThread "Signal Dispatcher" daemon [_thread_blocked, id=15053, stack(0x65d2e000,0x65d7f000)]
  0x62c78800 JavaThread "Finalizer" daemon [_thread_blocked, id=15052, stack(0x65f2e000,0x65f7f000)]
  0x62c75800 JavaThread "Reference Handler" daemon [_thread_blocked, id=15051, stack(0x6612e000,0x6617f000)]
  0xb6307c00 JavaThread "main" [_thread_blocked, id=15041, stack(0xb6462000,0xb64b3000)]

Other Threads:
=>0x62c71000 VMThread [stack: 0x62f66000,0x62fe7000] [id=15050]
  0x62cb1400 WatcherThread [stack: 0x6237b000,0x623fc000] [id=15066]

VM state:at safepoint (normal execution)

VM Mutex/Monitor currently owned by a thread:  ([mutex/lock_event])
[0xb63068b8] Threads_lock - owner thread: 0x62c71000

Heap:
 PSYoungGen      total 19200K, used 5326K [0x916c0000, 0x92c00000, 0xa6c00000)
  eden space 16640K, 32% used [0x916c0000,0x91bf38e8,0x92700000)
  from space 2560K, 0% used [0x92980000,0x92980000,0x92c00000)
  to   space 2560K, 0% used [0x92700000,0x92700000,0x92980000)
 ParOldGen       total 43776K, used 0K [0x66c00000, 0x696c0000, 0x916c0000)
  object space 43776K, 0% used [0x66c00000,0x66c00000,0x696c0000)
 Metaspace       used 3822K, capacity 3880K, committed 3992K, reserved 4400K

Card table byte_map: [0x669ff000,0x66c00000] byte_map_base: 0x666c9000

Marking Bits: (ParMarkBitMap*) 0xb7125760
 Begin Bits: [0x63a00000, 0x64a00000)
 End Bits:   [0x64a00000, 0x65a00000)

Polling page: 0xb772c000

CodeCache: size=245760Kb used=1260Kb max_used=1260Kb free=244499Kb
 bounds [0xa7054000, 0xa7294000, 0xb6054000]
 total_blobs=448 nmethods=288 adapters=84
 compilation: enabled

Compilation events (10 events):
Event: 0,628 Thread 0x62ca2c00  283       4       java.util.concurrent.ConcurrentHashMap::setTabAt (19 bytes)
Event: 0,629 Thread 0x62ca2c00 nmethod 283 0xa7189208 code [0xa7189300, 0xa7189370]
Event: 0,648 Thread 0x62ca4400  286   !   3       java.net.URL::<init> (543 bytes)
Event: 0,651 Thread 0x62ca4400 nmethod 286 0xa71893c8 code [0xa7189900, 0xa718dc38]
Event: 0,651 Thread 0x62ca4400  287   !   3       java.net.URL::set (114 bytes)
Event: 0,651 Thread 0x62ca4400 nmethod 287 0xa7188088 code [0xa7188260, 0xa7188bb0]
Event: 0,651 Thread 0x62ca4400  285       3       java.net.URL::<init> (8 bytes)
Event: 0,652 Thread 0x62ca4400 nmethod 285 0xa7187dc8 code [0xa7187ee0, 0xa7187fec]
Event: 0,657 Thread 0x62ca4400  288  s    3       java.util.Vector::addElement (38 bytes)
Event: 0,658 Thread 0x62ca4400 nmethod 288 0xa7187688 code [0xa71877e0, 0xa7187bec]

GC Heap History (0 events):
No events

Deoptimization events (0 events):
No events

Internal exceptions (10 events):
Event: 0,126 Thread 0xb6307c00 Exception <a 'java/security/PrivilegedActionException'> (0x9170f818) thrown at [/build/openjdk-8-eaCEHi/openjdk-8-8u72-b15/src/hotspot/src/share/vm/prims/jvm.cpp, line 1386]
Event: 0,173 Thread 0xb6307c00 Exception <a 'java/io/FileNotFoundException'> (0x91779540) thrown at [/build/openjdk-8-eaCEHi/openjdk-8-8u72-b15/src/hotspot/src/share/vm/prims/jni.cpp, line 709]
Event: 0,173 Thread 0xb6307c00 Exception <a 'java/security/PrivilegedActionException'> (0x91779928) thrown at [/build/openjdk-8-eaCEHi/openjdk-8-8u72-b15/src/hotspot/src/share/vm/prims/jvm.cpp, line 1386]
Event: 0,173 Thread 0xb6307c00 Exception <a 'java/security/PrivilegedActionException'> (0x91779b28) thrown at [/build/openjdk-8-eaCEHi/openjdk-8-8u72-b15/src/hotspot/src/share/vm/prims/jvm.cpp, line 1386]
Event: 0,597 Thread 0xb6307c00 Exception <a 'java/security/PrivilegedActionException'> (0x91b498f8) thrown at [/build/openjdk-8-eaCEHi/openjdk-8-8u72-b15/src/hotspot/src/share/vm/prims/jvm.cpp, line 1386]
Event: 0,597 Thread 0xb6307c00 Exception <a 'java/security/PrivilegedActionException'> (0x91b49cd8) thrown at [/build/openjdk-8-eaCEHi/openjdk-8-8u72-b15/src/hotspot/src/share/vm/prims/jvm.cpp, line 1386]
Event: 0,597 Thread 0xb6307c00 Exception <a 'java/security/PrivilegedActionException'> (0x91b4bed8) thrown at [/build/openjdk-8-eaCEHi/openjdk-8-8u72-b15/src/hotspot/src/share/vm/prims/jvm.cpp, line 1386]
Event: 0,597 Thread 0xb6307c00 Exception <a 'java/security/PrivilegedActionException'> (0x91b4c2b8) thrown at [/build/openjdk-8-eaCEHi/openjdk-8-8u72-b15/src/hotspot/src/share/vm/prims/jvm.cpp, line 1386]
Event: 0,598 Thread 0xb6307c00 Exception <a 'java/security/PrivilegedActionException'> (0x91b4d0b0) thrown at [/build/openjdk-8-eaCEHi/openjdk-8-8u72-b15/src/hotspot/src/share/vm/prims/jvm.cpp, line 1386]
Event: 0,598 Thread 0xb6307c00 Exception <a 'java/security/PrivilegedActionException'> (0x91b4d4b8) thrown at [/build/openjdk-8-eaCEHi/openjdk-8-8u72-b15/src/hotspot/src/share/vm/prims/jvm.cpp, line 1386]

Events (10 events):
Event: 324,192 Executing VM operation: ChangeBreakpoints done
Event: 324,193 Executing VM operation: EnterInterpOnlyMode
Event: 324,193 Executing VM operation: EnterInterpOnlyMode done
Event: 324,193 Executing VM operation: GetCurrentLocation
Event: 324,193 Executing VM operation: GetCurrentLocation done
Event: 324,194 Executing VM operation: ChangeSingleStep
Event: 324,194 Executing VM operation: ChangeSingleStep done
Event: 324,194 Executing VM operation: ChangeSingleStep
Event: 324,194 Executing VM operation: ChangeSingleStep done
Event: 324,237 Executing VM operation: GetOrSetLocal


Dynamic libraries:
08048000-08049000 r-xp 00000000 08:01 5643656    /usr/lib/jvm/java-8-openjdk-i386/jre/bin/java
08049000-0804a000 r--p 00000000 08:01 5643656    /usr/lib/jvm/java-8-openjdk-i386/jre/bin/java
0804a000-0804b000 rw-p 00001000 08:01 5643656    /usr/lib/jvm/java-8-openjdk-i386/jre/bin/java
08491000-084b2000 rw-p 00000000 00:00 0          [heap]
62000000-6205c000 rw-p 00000000 00:00 0 
6205c000-62100000 ---p 00000000 00:00 0 
62200000-622fb000 rw-p 00000000 00:00 0 
622fb000-62300000 ---p 00000000 00:00 0 
6232a000-6232d000 ---p 00000000 00:00 0 
6232d000-6237b000 rw-p 00000000 00:00 0          [stack:15069]
6237b000-6237c000 ---p 00000000 00:00 0 
6237c000-623fc000 rw-p 00000000 00:00 0          [stack:15066]
623fc000-623ff000 ---p 00000000 00:00 0 
623ff000-6247d000 rw-p 00000000 00:00 0          [stack:15064]
6247d000-62480000 ---p 00000000 00:00 0 
62480000-624fe000 rw-p 00000000 00:00 0          [stack:15063]
624fe000-62501000 ---p 00000000 00:00 0 
62501000-6257f000 rw-p 00000000 00:00 0          [stack:15062]
6257f000-62582000 ---p 00000000 00:00 0 
62582000-62600000 rw-p 00000000 00:00 0          [stack:15061]
62600000-6266b000 rw-p 00000000 00:00 0 
6266b000-62700000 ---p 00000000 00:00 0 
6270d000-62710000 ---p 00000000 00:00 0 
62710000-6275e000 rw-p 00000000 00:00 0          [stack:15065]
6275e000-62761000 ---p 00000000 00:00 0 
62761000-627af000 rw-p 00000000 00:00 0          [stack:15059]
627af000-627b2000 ---p 00000000 00:00 0 
627b2000-62800000 rw-p 00000000 00:00 0          [stack:15057]
62800000-62835000 rw-p 00000000 00:00 0 
62835000-62900000 ---p 00000000 00:00 0 
62900000-6292a000 rw-p 00000000 00:00 0 
6292a000-62a00000 ---p 00000000 00:00 0 
62a00000-62a21000 rw-p 00000000 00:00 0 
62a21000-62b00000 ---p 00000000 00:00 0 
62b00000-62bfb000 rw-p 00000000 00:00 0 
62bfb000-62c00000 ---p 00000000 00:00 0 
62c00000-62cfe000 rw-p 00000000 00:00 0 
62cfe000-62d00000 ---p 00000000 00:00 0 
62d00000-62d21000 rw-p 00000000 00:00 0 
62d21000-62e00000 ---p 00000000 00:00 0 
62e00000-62ef9000 rw-p 00000000 00:00 0 
62ef9000-62f00000 ---p 00000000 00:00 0 
62f15000-62f18000 ---p 00000000 00:00 0 
62f18000-62f66000 rw-p 00000000 00:00 0          [stack:15055]
62f66000-62f67000 ---p 00000000 00:00 0 
62f67000-62fe7000 rw-p 00000000 00:00 0          [stack:15050]
62fe7000-631b4000 r--s 03be5000 08:01 5515330    /usr/lib/jvm/java-8-openjdk-i386/jre/lib/rt.jar
631b4000-6359a000 rw-p 00000000 00:00 0 
6359a000-63600000 ---p 00000000 00:00 0 
63600000-65a00000 rw-p 00000000 00:00 0 
65a00000-65a21000 rw-p 00000000 00:00 0 
65a21000-65b00000 ---p 00000000 00:00 0 
65b4a000-65b7f000 r--s 00000000 08:01 2893152    /var/cache/nscd/hosts
65b7f000-65b80000 ---p 00000000 00:00 0 
65b80000-65c00000 rw-p 00000000 00:00 0          [stack:15049]
65c00000-65c21000 rw-p 00000000 00:00 0 
65c21000-65d00000 ---p 00000000 00:00 0 
65d2e000-65d31000 ---p 00000000 00:00 0 
65d31000-65d7f000 rw-p 00000000 00:00 0          [stack:15053]
65d7f000-65d80000 ---p 00000000 00:00 0 
65d80000-65e00000 rw-p 00000000 00:00 0          [stack:15048]
65e00000-65e21000 rw-p 00000000 00:00 0 
65e21000-65f00000 ---p 00000000 00:00 0 
65f2e000-65f31000 ---p 00000000 00:00 0 
65f31000-65f7f000 rw-p 00000000 00:00 0          [stack:15052]
65f7f000-65f80000 ---p 00000000 00:00 0 
65f80000-66000000 rw-p 00000000 00:00 0          [stack:15047]
66000000-66021000 rw-p 00000000 00:00 0 
66021000-66100000 ---p 00000000 00:00 0 
66107000-6610a000 r--s 00015000 08:01 5515323    /usr/lib/jvm/java-8-openjdk-i386/jre/lib/jce.jar
6610a000-6610e000 r--s 00097000 08:01 5515350    /usr/lib/jvm/java-8-openjdk-i386/jre/lib/jsse.jar
6610e000-66125000 r-xp 00000000 08:01 5515299    /usr/lib/jvm/java-8-openjdk-i386/jre/lib/i386/libnet.so
66125000-66126000 r--p 00016000 08:01 5515299    /usr/lib/jvm/java-8-openjdk-i386/jre/lib/i386/libnet.so
66126000-66127000 rw-p 00017000 08:01 5515299    /usr/lib/jvm/java-8-openjdk-i386/jre/lib/i386/libnet.so
66127000-6612e000 r--s 00000000 08:01 4731547    /usr/lib/i386-linux-gnu/gconv/gconv-modules.cache
6612e000-66131000 ---p 00000000 00:00 0 
66131000-6617f000 rw-p 00000000 00:00 0          [stack:15051]
6617f000-66180000 ---p 00000000 00:00 0 
66180000-66200000 rw-p 00000000 00:00 0          [stack:15046]
66200000-66221000 rw-p 00000000 00:00 0 
66221000-66300000 ---p 00000000 00:00 0 
66301000-66323000 r--p 00000000 08:01 5646062    /usr/share/locale-langpack/pt_BR/LC_MESSAGES/libc.mo
66323000-66326000 r--s 00016000 00:1b 68557963   /home/aramissa/Downloads/easyaccept.jar
66326000-66328000 r--s 0000c000 08:01 5512962    /usr/lib/eclipse/plugins/org.hamcrest.core_1.3.0.v201303031735.jar
66328000-66332000 r--s 00116000 08:01 5515347    /usr/lib/jvm/java-8-openjdk-i386/jre/lib/ext/localedata.jar
66332000-6637f000 rw-p 00000000 00:00 0 
6637f000-66380000 ---p 00000000 00:00 0 
66380000-66400000 rw-p 00000000 00:00 0          [stack:15045]
66400000-66421000 rw-p 00000000 00:00 0 
66421000-66500000 ---p 00000000 00:00 0 
66500000-66521000 rw-p 00000000 00:00 0 
66521000-66600000 ---p 00000000 00:00 0 
66601000-66607000 r--s 00036000 08:01 5511563    /usr/lib/eclipse/plugins/org.junit_4.11.0.v201303080030/junit.jar
66607000-66609000 r--s 00001000 08:01 5515340    /usr/lib/jvm/java-8-openjdk-i386/jre/lib/ext/dnsns.jar
66609000-66624000 r--s 001d7000 08:01 5515339    /usr/lib/jvm/java-8-openjdk-i386/jre/lib/ext/nashorn.jar
66624000-6667f000 rw-p 00000000 00:00 0 
6667f000-66680000 ---p 00000000 00:00 0 
66680000-66700000 rw-p 00000000 00:00 0          [stack:15044]
66700000-66721000 rw-p 00000000 00:00 0 
66721000-66800000 ---p 00000000 00:00 0 
66800000-66801000 rw-p 00000000 00:00 0 
66801000-66803000 r--s 00006000 08:01 5117138    /usr/share/java/java-atk-wrapper.jar
66803000-66806000 r--s 0000f000 08:01 5515346    /usr/lib/jvm/java-8-openjdk-i386/jre/lib/ext/icedtea-sound.jar
66806000-6680c000 r--s 0003a000 08:01 5515345    /usr/lib/jvm/java-8-openjdk-i386/jre/lib/ext/sunjce_provider.jar
6680c000-66828000 r--s 00393000 08:01 5515341    /usr/lib/jvm/java-8-openjdk-i386/jre/lib/ext/cldrdata.jar
66828000-66829000 ---p 00000000 00:00 0 
66829000-668bf000 rw-p 00000000 00:00 0          [stack:15043]
668bf000-669ff000 ---p 00000000 00:00 0 
669ff000-66a15000 rw-p 00000000 00:00 0 
66a15000-66b54000 ---p 00000000 00:00 0 
66b54000-66b5f000 rw-p 00000000 00:00 0 
66b5f000-66bff000 ---p 00000000 00:00 0 
66bff000-696c0000 rw-p 00000000 00:00 0 
696c0000-916c0000 ---p 00000000 00:00 0 
916c0000-92c00000 rw-p 00000000 00:00 0 
92c00000-a6c00000 ---p 00000000 00:00 0 
a6c00000-a6c0b000 r-xp 00000000 08:01 135711     /lib/i386-linux-gnu/libnss_files-2.19.so
a6c0b000-a6c0c000 r--p 0000a000 08:01 135711     /lib/i386-linux-gnu/libnss_files-2.19.so
a6c0c000-a6c0d000 rw-p 0000b000 08:01 135711     /lib/i386-linux-gnu/libnss_files-2.19.so
a6c0d000-a6c11000 r-xp 00000000 08:01 5515316    /usr/lib/jvm/java-8-openjdk-i386/jre/lib/i386/libdt_socket.so
a6c11000-a6c12000 r--p 00003000 08:01 5515316    /usr/lib/jvm/java-8-openjdk-i386/jre/lib/i386/libdt_socket.so
a6c12000-a6c13000 rw-p 00004000 08:01 5515316    /usr/lib/jvm/java-8-openjdk-i386/jre/lib/i386/libdt_socket.so
a6c13000-a6c14000 ---p 00000000 00:00 0 
a6c14000-a6c9d000 rw-p 00000000 00:00 0          [stack:15042]
a6c9d000-a7054000 ---p 00000000 00:00 0 
a7054000-a7294000 rwxp 00000000 00:00 0 
a7294000-b6054000 ---p 00000000 00:00 0 
b6054000-b60c0000 r--s 00000000 08:01 2893150    /var/cache/nscd/passwd
b60c0000-b62c0000 r--p 00000000 08:01 4727065    /usr/lib/locale/locale-archive
b62c0000-b62fe000 r-xp 00000000 08:01 5515228    /usr/lib/jvm/java-8-openjdk-i386/jre/lib/i386/libjdwp.so
b62fe000-b62ff000 r--p 0003d000 08:01 5515228    /usr/lib/jvm/java-8-openjdk-i386/jre/lib/i386/libjdwp.so
b62ff000-b6300000 rw-p 0003e000 08:01 5515228    /usr/lib/jvm/java-8-openjdk-i386/jre/lib/i386/libjdwp.so
b6300000-b63f8000 rw-p 00000000 00:00 0 
b63f8000-b6400000 ---p 00000000 00:00 0 
b6400000-b6401000 rw-p 00000000 00:00 0 
b6401000-b6402000 r--s 0000a000 08:01 5515343    /usr/lib/jvm/java-8-openjdk-i386/jre/lib/ext/jaccess.jar
b6402000-b6403000 r--s 00010000 08:01 5515344    /usr/lib/jvm/java-8-openjdk-i386/jre/lib/ext/zipfs.jar
b6403000-b6404000 r--s 00008000 08:01 5515342    /usr/lib/jvm/java-8-openjdk-i386/jre/lib/ext/sunec.jar
b6404000-b641c000 rw-p 00000000 00:00 0 
b641c000-b6425000 r-xp 00000000 08:01 5515305    /usr/lib/jvm/java-8-openjdk-i386/jre/lib/i386/libzip.so
b6425000-b6426000 r--p 00008000 08:01 5515305    /usr/lib/jvm/java-8-openjdk-i386/jre/lib/i386/libzip.so
b6426000-b6427000 rw-p 00009000 08:01 5515305    /usr/lib/jvm/java-8-openjdk-i386/jre/lib/i386/libzip.so
b6427000-b642f000 rw-s 00000000 08:01 3145749    /tmp/hsperfdata_aramissa/15034
b642f000-b6457000 r-xp 00000000 08:01 5515232    /usr/lib/jvm/java-8-openjdk-i386/jre/lib/i386/libjava.so
b6457000-b6458000 r--p 00027000 08:01 5515232    /usr/lib/jvm/java-8-openjdk-i386/jre/lib/i386/libjava.so
b6458000-b6459000 rw-p 00028000 08:01 5515232    /usr/lib/jvm/java-8-openjdk-i386/jre/lib/i386/libjava.so
b6459000-b6460000 r-xp 00000000 08:01 137145     /lib/i386-linux-gnu/librt-2.19.so
b6460000-b6461000 r--p 00006000 08:01 137145     /lib/i386-linux-gnu/librt-2.19.so
b6461000-b6462000 rw-p 00007000 08:01 137145     /lib/i386-linux-gnu/librt-2.19.so
b6462000-b6465000 ---p 00000000 00:00 0 
b6465000-b64b3000 rw-p 00000000 00:00 0          [stack:15041]
b64b3000-b64cf000 r-xp 00000000 08:01 131101     /lib/i386-linux-gnu/libgcc_s.so.1
b64cf000-b64d0000 rw-p 0001b000 08:01 131101     /lib/i386-linux-gnu/libgcc_s.so.1
b64d0000-b6514000 r-xp 00000000 08:01 137147     /lib/i386-linux-gnu/libm-2.19.so
b6514000-b6515000 r--p 00043000 08:01 137147     /lib/i386-linux-gnu/libm-2.19.so
b6515000-b6516000 rw-p 00044000 08:01 137147     /lib/i386-linux-gnu/libm-2.19.so
b6516000-b65f2000 r-xp 00000000 08:01 4724825    /usr/lib/i386-linux-gnu/libstdc++.so.6.0.19
b65f2000-b65f3000 ---p 000dc000 08:01 4724825    /usr/lib/i386-linux-gnu/libstdc++.so.6.0.19
b65f3000-b65f7000 r--p 000dc000 08:01 4724825    /usr/lib/i386-linux-gnu/libstdc++.so.6.0.19
b65f7000-b65f8000 rw-p 000e0000 08:01 4724825    /usr/lib/i386-linux-gnu/libstdc++.so.6.0.19
b65f8000-b65ff000 rw-p 00000000 00:00 0 
b65ff000-b70b4000 r-xp 00000000 08:01 5515303    /usr/lib/jvm/java-8-openjdk-i386/jre/lib/i386/server/libjvm.so
b70b4000-b7100000 r--p 00ab4000 08:01 5515303    /usr/lib/jvm/java-8-openjdk-i386/jre/lib/i386/server/libjvm.so
b7100000-b7117000 rw-p 00b00000 08:01 5515303    /usr/lib/jvm/java-8-openjdk-i386/jre/lib/i386/server/libjvm.so
b7117000-b7537000 rw-p 00000000 00:00 0 
b7537000-b754f000 r-xp 00000000 08:01 137160     /lib/i386-linux-gnu/libpthread-2.19.so
b754f000-b7550000 r--p 00017000 08:01 137160     /lib/i386-linux-gnu/libpthread-2.19.so
b7550000-b7551000 rw-p 00018000 08:01 137160     /lib/i386-linux-gnu/libpthread-2.19.so
b7551000-b7553000 rw-p 00000000 00:00 0 
b7553000-b7556000 r-xp 00000000 08:01 137162     /lib/i386-linux-gnu/libdl-2.19.so
b7556000-b7557000 r--p 00002000 08:01 137162     /lib/i386-linux-gnu/libdl-2.19.so
b7557000-b7558000 rw-p 00003000 08:01 137162     /lib/i386-linux-gnu/libdl-2.19.so
b7558000-b7570000 r-xp 00000000 08:01 132223     /lib/i386-linux-gnu/libz.so.1.2.8
b7570000-b7571000 r--p 00017000 08:01 132223     /lib/i386-linux-gnu/libz.so.1.2.8
b7571000-b7572000 rw-p 00018000 08:01 132223     /lib/i386-linux-gnu/libz.so.1.2.8
b7572000-b771b000 r-xp 00000000 08:01 137152     /lib/i386-linux-gnu/libc-2.19.so
b771b000-b771c000 ---p 001a9000 08:01 137152     /lib/i386-linux-gnu/libc-2.19.so
b771c000-b771e000 r--p 001a9000 08:01 137152     /lib/i386-linux-gnu/libc-2.19.so
b771e000-b771f000 rw-p 001ab000 08:01 137152     /lib/i386-linux-gnu/libc-2.19.so
b771f000-b7723000 rw-p 00000000 00:00 0 
b7723000-b7727000 r--s 00037000 08:01 5515348    /usr/lib/jvm/java-8-openjdk-i386/jre/lib/ext/sunpkcs11.jar
b7727000-b7729000 r-xp 00000000 08:01 5515227    /usr/lib/jvm/java-8-openjdk-i386/jre/lib/i386/libnpt.so
b7729000-b772a000 r--p 00001000 08:01 5515227    /usr/lib/jvm/java-8-openjdk-i386/jre/lib/i386/libnpt.so
b772a000-b772b000 rw-p 00002000 08:01 5515227    /usr/lib/jvm/java-8-openjdk-i386/jre/lib/i386/libnpt.so
b772b000-b772c000 rw-p 00000000 00:00 0 
b772c000-b772d000 ---p 00000000 00:00 0 
b772d000-b773b000 r-xp 00000000 08:01 5515233    /usr/lib/jvm/java-8-openjdk-i386/jre/lib/i386/libverify.so
b773b000-b773c000 r--p 0000d000 08:01 5515233    /usr/lib/jvm/java-8-openjdk-i386/jre/lib/i386/libverify.so
b773c000-b773d000 rw-p 0000e000 08:01 5515233    /usr/lib/jvm/java-8-openjdk-i386/jre/lib/i386/libverify.so
b773d000-b774a000 r-xp 00000000 08:01 5643660    /usr/lib/jvm/java-8-openjdk-i386/jre/lib/i386/jli/libjli.so
b774a000-b774b000 r--p 0000c000 08:01 5643660    /usr/lib/jvm/java-8-openjdk-i386/jre/lib/i386/jli/libjli.so
b774b000-b774c000 rw-p 0000d000 08:01 5643660    /usr/lib/jvm/java-8-openjdk-i386/jre/lib/i386/jli/libjli.so
b774c000-b774e000 rw-p 00000000 00:00 0 
b774e000-b774f000 r-xp 00000000 00:00 0          [vdso]
b774f000-b776f000 r-xp 00000000 08:01 137161     /lib/i386-linux-gnu/ld-2.19.so
b776f000-b7770000 r--p 0001f000 08:01 137161     /lib/i386-linux-gnu/ld-2.19.so
b7770000-b7771000 rw-p 00020000 08:01 137161     /lib/i386-linux-gnu/ld-2.19.so
bfe2d000-bfe2e000 rwxp 00000000 00:00 0 
bfe60000-bfe81000 rw-p 00000000 00:00 0          [stack]

VM Arguments:
jvm_args: -agentlib:jdwp=transport=dt_socket,suspend=y,address=localhost:54259 -Dfile.encoding=UTF-8 
java_command: org.eclipse.jdt.internal.junit.runner.RemoteTestRunner -version 3 -port 43949 -testLoaderClass org.eclipse.jdt.internal.junit4.runner.JUnit4TestLoader -loaderpluginname org.eclipse.jdt.junit4.runtime -classNames controller.ControllerTest
java_class_path (initial): /home/aramissa/workspace/ProjetoLP2/bin:/usr/lib/eclipse/plugins/org.junit_4.11.0.v201303080030/junit.jar:/usr/lib/eclipse/plugins/org.hamcrest.core_1.3.0.v201303031735.jar:/home/aramissa/Downloads/easyaccept.jar:/home/aramissa/.eclipse/org.eclipse.platform_4.4.1_155965261_linux_gtk_x86/configuration/org.eclipse.osgi/359/0/.cp/:/home/aramissa/.eclipse/org.eclipse.platform_4.4.1_155965261_linux_gtk_x86/configuration/org.eclipse.osgi/358/0/.cp/
Launcher Type: SUN_STANDARD

Environment Variables:
PATH=/usr/local/sbin:/usr/local/bin:/usr/sbin:/usr/bin:/sbin:/bin:/usr/games:/usr/local/games:/var/scripts/
LD_LIBRARY_PATH=/usr/lib/jvm/java-8-openjdk-i386/jre/lib/i386/server:/usr/lib/jvm/java-8-openjdk-i386/jre/lib/i386:
SHELL=/bin/bash
DISPLAY=:0

Signal Handlers:
SIGSEGV: [libjvm.so+0x8a88b0], sa_mask[0]=11111111011111111101111111111110, sa_flags=SA_RESTART|SA_SIGINFO
SIGBUS: [libjvm.so+0x8a88b0], sa_mask[0]=11111111011111111101111111111110, sa_flags=SA_RESTART|SA_SIGINFO
SIGFPE: [libjvm.so+0x7136e0], sa_mask[0]=11111111011111111101111111111110, sa_flags=SA_RESTART|SA_SIGINFO
SIGPIPE: [libjvm.so+0x7136e0], sa_mask[0]=11111111011111111101111111111110, sa_flags=SA_RESTART|SA_SIGINFO
SIGXFSZ: [libjvm.so+0x7136e0], sa_mask[0]=11111111011111111101111111111110, sa_flags=SA_RESTART|SA_SIGINFO
SIGILL: [libjvm.so+0x7136e0], sa_mask[0]=11111111011111111101111111111110, sa_flags=SA_RESTART|SA_SIGINFO
SIGUSR1: SIG_DFL, sa_mask[0]=00000000000000000000000000000000, sa_flags=none
SIGUSR2: [libjvm.so+0x713520], sa_mask[0]=00100000000000000000000000000000, sa_flags=SA_RESTART|SA_SIGINFO
SIGHUP: [libjvm.so+0x7137b0], sa_mask[0]=11111111011111111101111111111110, sa_flags=SA_RESTART|SA_SIGINFO
SIGINT: [libjvm.so+0x7137b0], sa_mask[0]=11111111011111111101111111111110, sa_flags=SA_RESTART|SA_SIGINFO
SIGTERM: [libjvm.so+0x7137b0], sa_mask[0]=11111111011111111101111111111110, sa_flags=SA_RESTART|SA_SIGINFO
SIGQUIT: [libjvm.so+0x7137b0], sa_mask[0]=11111111011111111101111111111110, sa_flags=SA_RESTART|SA_SIGINFO


---------------  S Y S T E M  ---------------

OS:DISTRIB_ID=Ubuntu
DISTRIB_RELEASE=14.04
DISTRIB_CODENAME=trusty
DISTRIB_DESCRIPTION="Ubuntu 14.04.1 LTS"

uname:Linux 3.13.0-37-generic #64-Ubuntu SMP Mon Sep 22 21:30:01 UTC 2014 i686
libc:glibc 2.19 NPTL 2.19 
rlimit: STACK 8192k, CORE 0k, NPROC 62079, NOFILE 4096, AS infinity
load average:0,02 0,07 0,10

/proc/meminfo:
MemTotal:        7965416 kB
MemFree:         4731468 kB
Buffers:          149444 kB
Cached:          1533348 kB
SwapCached:            0 kB
Active:          1952196 kB
Inactive:        1132096 kB
Active(anon):    1403688 kB
Inactive(anon):   420708 kB
Active(file):     548508 kB
Inactive(file):   711388 kB
Unevictable:          48 kB
Mlocked:              48 kB
HighTotal:       7156644 kB
HighFree:        4355304 kB
LowTotal:         808772 kB
LowFree:          376164 kB
SwapTotal:       7998460 kB
SwapFree:        7998460 kB
Dirty:                72 kB
Writeback:             0 kB
AnonPages:       1401672 kB
Mapped:           310820 kB
Shmem:            422892 kB
Slab:              87948 kB
SReclaimable:      62244 kB
SUnreclaim:        25704 kB
KernelStack:        5192 kB
PageTables:        14536 kB
NFS_Unstable:         16 kB
Bounce:                0 kB
WritebackTmp:          0 kB
CommitLimit:    11981168 kB
Committed_AS:    6562816 kB
VmallocTotal:     122880 kB
VmallocUsed:       22332 kB
VmallocChunk:      96300 kB
HardwareCorrupted:     0 kB
AnonHugePages:    759808 kB
HugePages_Total:       0
HugePages_Free:        0
HugePages_Rsvd:        0
HugePages_Surp:        0
Hugepagesize:       2048 kB
DirectMap4k:       12280 kB
DirectMap2M:      899072 kB


CPU:total 8 (4 cores per cpu, 2 threads per core) family 6 model 42 stepping 7, cmov, cx8, fxsr, mmx, sse, sse2, sse3, ssse3, sse4.1, sse4.2, popcnt, avx, aes, clmul, ht, tsc, tscinvbit

/proc/cpuinfo:
processor	: 0
vendor_id	: GenuineIntel
cpu family	: 6
model		: 42
model name	: Intel(R) Core(TM) i7-2600 CPU @ 3.40GHz
stepping	: 7
microcode	: 0x23
cpu MHz		: 1600.000
cache size	: 8192 KB
physical id	: 0
siblings	: 8
core id		: 0
cpu cores	: 4
apicid		: 0
initial apicid	: 0
fdiv_bug	: no
f00f_bug	: no
coma_bug	: no
fpu		: yes
fpu_exception	: yes
cpuid level	: 13
wp		: yes
flags		: fpu vme de pse tsc msr pae mce cx8 apic sep mtrr pge mca cmov pat pse36 clflush dts acpi mmx fxsr sse sse2 ss ht tm pbe nx rdtscp lm constant_tsc arch_perfmon pebs bts xtopology nonstop_tsc aperfmperf eagerfpu pni pclmulqdq dtes64 ds_cpl vmx smx est tm2 ssse3 cx16 xtpr pdcm pcid sse4_1 sse4_2 x2apic popcnt tsc_deadline_timer aes xsave avx lahf_lm ida arat epb xsaveopt pln pts dtherm tpr_shadow vnmi flexpriority ept vpid
bogomips	: 6784.61
clflush size	: 64
cache_alignment	: 64
address sizes	: 36 bits physical, 48 bits virtual
power management:

processor	: 1
vendor_id	: GenuineIntel
cpu family	: 6
model		: 42
model name	: Intel(R) Core(TM) i7-2600 CPU @ 3.40GHz
stepping	: 7
microcode	: 0x23
cpu MHz		: 1600.000
cache size	: 8192 KB
physical id	: 0
siblings	: 8
core id		: 1
cpu cores	: 4
apicid		: 2
initial apicid	: 2
fdiv_bug	: no
f00f_bug	: no
coma_bug	: no
fpu		: yes
fpu_exception	: yes
cpuid level	: 13
wp		: yes
flags		: fpu vme de pse tsc msr pae mce cx8 apic sep mtrr pge mca cmov pat pse36 clflush dts acpi mmx fxsr sse sse2 ss ht tm pbe nx rdtscp lm constant_tsc arch_perfmon pebs bts xtopology nonstop_tsc aperfmperf eagerfpu pni pclmulqdq dtes64 monitor ds_cpl vmx smx est tm2 ssse3 cx16 xtpr pdcm pcid sse4_1 sse4_2 x2apic popcnt tsc_deadline_timer aes xsave avx lahf_lm ida arat epb xsaveopt pln pts dtherm tpr_shadow vnmi flexpriority ept vpid
bogomips	: 6784.61
clflush size	: 64
cache_alignment	: 64
address sizes	: 36 bits physical, 48 bits virtual
power management:

processor	: 2
vendor_id	: GenuineIntel
cpu family	: 6
model		: 42
model name	: Intel(R) Core(TM) i7-2600 CPU @ 3.40GHz
stepping	: 7
microcode	: 0x23
cpu MHz		: 3401.000
cache size	: 8192 KB
physical id	: 0
siblings	: 8
core id		: 2
cpu cores	: 4
apicid		: 4
initial apicid	: 4
fdiv_bug	: no
f00f_bug	: no
coma_bug	: no
fpu		: yes
fpu_exception	: yes
cpuid level	: 13
wp		: yes
flags		: fpu vme de pse tsc msr pae mce cx8 apic sep mtrr pge mca cmov pat pse36 clflush dts acpi mmx fxsr sse sse2 ss ht tm pbe nx rdtscp lm constant_tsc arch_perfmon pebs bts xtopology nonstop_tsc aperfmperf eagerfpu pni pclmulqdq dtes64 monitor ds_cpl vmx smx est tm2 ssse3 cx16 xtpr pdcm pcid sse4_1 sse4_2 x2apic popcnt tsc_deadline_timer aes xsave avx lahf_lm ida arat epb xsaveopt pln pts dtherm tpr_shadow vnmi flexpriority ept vpid
bogomips	: 6784.61
clflush size	: 64
cache_alignment	: 64
address sizes	: 36 bits physical, 48 bits virtual
power management:

processor	: 3
vendor_id	: GenuineIntel
cpu family	: 6
model		: 42
model name	: Intel(R) Core(TM) i7-2600 CPU @ 3.40GHz
stepping	: 7
microcode	: 0x23
cpu MHz		: 1600.000
cache size	: 8192 KB
physical id	: 0
siblings	: 8
core id		: 3
cpu cores	: 4
apicid		: 6
initial apicid	: 6
fdiv_bug	: no
f00f_bug	: no
coma_bug	: no
fpu		: yes
fpu_exception	: yes
cpuid level	: 13
wp		: yes
flags		: fpu vme de pse tsc msr pae mce cx8 apic sep mtrr pge mca cmov pat pse36 clflush dts acpi mmx fxsr sse sse2 ss ht tm pbe nx rdtscp lm constant_tsc arch_perfmon pebs bts xtopology nonstop_tsc aperfmperf eagerfpu pni pclmulqdq dtes64 monitor ds_cpl vmx smx est tm2 ssse3 cx16 xtpr pdcm pcid sse4_1 sse4_2 x2apic popcnt tsc_deadline_timer aes xsave avx lahf_lm ida arat epb xsaveopt pln pts dtherm tpr_shadow vnmi flexpriority ept vpid
bogomips	: 6784.61
clflush size	: 64
cache_alignment	: 64
address sizes	: 36 bits physical, 48 bits virtual
power management:

processor	: 4
vendor_id	: GenuineIntel
cpu family	: 6
model		: 42
model name	: Intel(R) Core(TM) i7-2600 CPU @ 3.40GHz
stepping	: 7
microcode	: 0x23
cpu MHz		: 1600.000
cache size	: 8192 KB
physical id	: 0
siblings	: 8
core id		: 0
cpu cores	: 4
apicid		: 1
initial apicid	: 1
fdiv_bug	: no
f00f_bug	: no
coma_bug	: no
fpu		: yes
fpu_exception	: yes
cpuid level	: 13
wp		: yes
flags		: fpu vme de pse tsc msr pae mce cx8 apic sep mtrr pge mca cmov pat pse36 clflush dts acpi mmx fxsr sse sse2 ss ht tm pbe nx rdtscp lm constant_tsc arch_perfmon pebs bts xtopology nonstop_tsc aperfmperf eagerfpu pni pclmulqdq dtes64 monitor ds_cpl vmx smx est tm2 ssse3 cx16 xtpr pdcm pcid sse4_1 sse4_2 x2apic popcnt tsc_deadline_timer aes xsave avx lahf_lm ida arat epb xsaveopt pln pts dtherm tpr_shadow vnmi flexpriority ept vpid
bogomips	: 6784.61
clflush size	: 64
cache_alignment	: 64
address sizes	: 36 bits physical, 48 bits virtual
power management:

processor	: 5
vendor_id	: GenuineIntel
cpu family	: 6
model		: 42
model name	: Intel(R) Core(TM) i7-2600 CPU @ 3.40GHz
stepping	: 7
microcode	: 0x23
cpu MHz		: 1600.000
cache size	: 8192 KB
physical id	: 0
siblings	: 8
core id		: 1
cpu cores	: 4
apicid		: 3
initial apicid	: 3
fdiv_bug	: no
f00f_bug	: no
coma_bug	: no
fpu		: yes
fpu_exception	: yes
cpuid level	: 13
wp		: yes
flags		: fpu vme de pse tsc msr pae mce cx8 apic sep mtrr pge mca cmov pat pse36 clflush dts acpi mmx fxsr sse sse2 ss ht tm pbe nx rdtscp lm constant_tsc arch_perfmon pebs bts xtopology nonstop_tsc aperfmperf eagerfpu pni pclmulqdq dtes64 monitor ds_cpl vmx smx est tm2 ssse3 cx16 xtpr pdcm pcid sse4_1 sse4_2 x2apic popcnt tsc_deadline_timer aes xsave avx lahf_lm ida arat epb xsaveopt pln pts dtherm tpr_shadow vnmi flexpriority ept vpid
bogomips	: 6784.61
clflush size	: 64
cache_alignment	: 64
address sizes	: 36 bits physical, 48 bits virtual
power management:

processor	: 6
vendor_id	: GenuineIntel
cpu family	: 6
model		: 42
model name	: Intel(R) Core(TM) i7-2600 CPU @ 3.40GHz
stepping	: 7
microcode	: 0x23
cpu MHz		: 3200.000
cache size	: 8192 KB
physical id	: 0
siblings	: 8
core id		: 2
cpu cores	: 4
apicid		: 5
initial apicid	: 5
fdiv_bug	: no
f00f_bug	: no
coma_bug	: no
fpu		: yes
fpu_exception	: yes
cpuid level	: 13
wp		: yes
flags		: fpu vme de pse tsc msr pae mce cx8 apic sep mtrr pge mca cmov pat pse36 clflush dts acpi mmx fxsr sse sse2 ss ht tm pbe nx rdtscp lm constant_tsc arch_perfmon pebs bts xtopology nonstop_tsc aperfmperf eagerfpu pni pclmulqdq dtes64 monitor ds_cpl vmx smx est tm2 ssse3 cx16 xtpr pdcm pcid sse4_1 sse4_2 x2apic popcnt tsc_deadline_timer aes xsave avx lahf_lm ida arat epb xsaveopt pln pts dtherm tpr_shadow vnmi flexpriority ept vpid
bogomips	: 6784.61
clflush size	: 64
cache_alignment	: 64
address sizes	: 36 bits physical, 48 bits virtual
power management:

processor	: 7
vendor_id	: GenuineIntel
cpu family	: 6
model		: 42
model name	: Intel(R) Core(TM) i7-2600 CPU @ 3.40GHz
stepping	: 7
microcode	: 0x23
cpu MHz		: 1600.000
cache size	: 8192 KB
physical id	: 0
siblings	: 8
core id		: 3
cpu cores	: 4
apicid		: 7
initial apicid	: 7
fdiv_bug	: no
f00f_bug	: no
coma_bug	: no
fpu		: yes
fpu_exception	: yes
cpuid level	: 13
wp		: yes
flags		: fpu vme de pse tsc msr pae mce cx8 apic sep mtrr pge mca cmov pat pse36 clflush dts acpi mmx fxsr sse sse2 ss ht tm pbe nx rdtscp lm constant_tsc arch_perfmon pebs bts xtopology nonstop_tsc aperfmperf eagerfpu pni pclmulqdq dtes64 monitor ds_cpl vmx smx est tm2 ssse3 cx16 xtpr pdcm pcid sse4_1 sse4_2 x2apic popcnt tsc_deadline_timer aes xsave avx lahf_lm ida arat epb xsaveopt pln pts dtherm tpr_shadow vnmi flexpriority ept vpid
bogomips	: 6784.61
clflush size	: 64
cache_alignment	: 64
address sizes	: 36 bits physical, 48 bits virtual
power management:



Memory: 4k page, physical 7965416k(4731468k free), swap 7998460k(7998460k free)

vm_info: OpenJDK Server VM (25.72-b15) for linux-x86 JRE (1.8.0_72-internal-b15), built on Jan 28 2016 23:47:06 by "buildd" with gcc 4.8.2

time: Tue May  3 09:44:00 2016
elapsed time: 324 seconds (0d 0h 5m 24s)

