#
# A fatal error has been detected by the Java Runtime Environment:
#
#  SIGSEGV (0xb) at pc=0xb6a30caf, pid=14507, tid=1659792192
#
# JRE version: OpenJDK Runtime Environment (8.0_72-b15) (build 1.8.0_72-internal-b15)
# Java VM: OpenJDK Server VM (25.72-b15 mixed mode linux-x86 )
# Problematic frame:
# V  [libjvm.so+0x489caf]
#
# Failed to write core dump. Core dumps have been disabled. To enable core dumping, try "ulimit -c unlimited" before starting Java again
#
# If you would like to submit a bug report, please visit:
#   http://bugreport.java.com/bugreport/crash.jsp
#

---------------  T H R E A D  ---------------

Current thread (0x62b71000):  VMThread [stack: 0x62e66000,0x62ee7000] [id=14524]

siginfo: si_signo: 11 (SIGSEGV), si_code: 1 (SEGV_MAPERR), si_addr: 0x00000008

Registers:
EAX=0x00000000, EBX=0x62ee5cd4, ECX=0x63475438, EDX=0x00000000
ESP=0x62ee5a70, EBP=0x62ee5ab8, ESI=0x00000000, EDI=0x63474d60
EIP=0xb6a30caf, EFLAGS=0x00010202, CR2=0x00000008

Top of Stack: (sp=0x62ee5a70)
0x62ee5a70:   63474d60 00000000 00000000 b6a34458
0x62ee5a80:   62ee5a98 47000000 b6330460 b694e97f
0x62ee5a90:   4fffffff 00000000 63474af0 62b71000
0x62ee5aa0:   62ee5cd4 63474aca 62ee5af8 62ee5cd4
0x62ee5ab0:   62ee5b4c 00000149 62ee5af8 b6a319c4
0x62ee5ac0:   62ee5cd4 00000000 00000000 0000ca02
0x62ee5ad0:   00000149 00000004 63474979 000000b5
0x62ee5ae0:   62ee5cd4 000000e2 62ee0000 000000b5 

Instructions: (pc=0xb6a30caf)
0xb6a30c8f:   00 00 00 00 89 3c 24 89 44 24 04 e8 b1 68 f1 ff
0xb6a30c9f:   89 3c 24 89 44 24 04 e8 85 77 f1 ff 8b 44 87 2c
0xb6a30caf:   0f b6 40 08 3c 5b 74 08 3c 4c 0f 85 91 00 00 00
0xb6a30cbf:   8b 45 18 8d 4d c8 8b 3d fc 63 0c b7 25 ff ff ff 

Register to memory mapping:

EAX=0x00000000 is an unknown value
EBX=0x62ee5cd4 is an unknown value
ECX=0x63475438 is pointing into metadata
EDX=0x00000000 is an unknown value
ESP=0x62ee5a70 is an unknown value
EBP=0x62ee5ab8 is an unknown value
ESI=0x00000000 is an unknown value
EDI=0x63474d60 is pointing into metadata


Stack: [0x62e66000,0x62ee7000],  sp=0x62ee5a70,  free space=510k
Native frames: (J=compiled Java code, j=interpreted, Vv=VM code, C=native code)
V  [libjvm.so+0x489caf]
V  [libjvm.so+0x48a9c4]
V  [libjvm.so+0x48aca5]
V  [libjvm.so+0x48caef]
V  [libjvm.so+0x48cda5]
V  [libjvm.so+0x70a0b3]
V  [libjvm.so+0x70b9eb]
V  [libjvm.so+0x70d1d9]
V  [libjvm.so+0x4ddfd3]
V  [libjvm.so+0x6b31da]
V  [libjvm.so+0x5c8e02]
V  [libjvm.so+0x8ae278]
V  [libjvm.so+0x8acb68]
V  [libjvm.so+0x8acfda]
V  [libjvm.so+0x8ad423]
V  [libjvm.so+0x7150aa]
C  [libpthread.so.0+0x6f70]  start_thread+0xd0

VM_Operation (0x65c7df40): GetOrSetLocal, mode: safepoint, requested by thread 0x62b9a800


---------------  P R O C E S S  ---------------

Java Threads: ( => current thread )
  0x62144000 JavaThread "ReaderThread" [_thread_in_native, id=14543, stack(0x622ab000,0x622fc000)]
  0x62bafc00 JavaThread "Service Thread" daemon [_thread_blocked, id=14541, stack(0x6262e000,0x6267f000)]
  0x62ba4400 JavaThread "C1 CompilerThread3" daemon [_thread_blocked, id=14540, stack(0x6237d000,0x623fe000)]
  0x62ba2c00 JavaThread "C2 CompilerThread2" daemon [_thread_blocked, id=14539, stack(0x623fe000,0x6247f000)]
  0x62ba1400 JavaThread "C2 CompilerThread1" daemon [_thread_blocked, id=14538, stack(0x6247f000,0x62500000)]
  0x62b9f800 JavaThread "C2 CompilerThread0" daemon [_thread_blocked, id=14537, stack(0x6267f000,0x62700000)]
  0x62800800 JavaThread "JDWP Command Reader" daemon [_thread_in_native, id=14533, stack(0x62e15000,0x62e66000)]
  0x62b9dc00 JavaThread "JDWP Event Helper Thread" daemon [_thread_blocked, id=14532, stack(0x65a2e000,0x65a7f000)]
  0x62b9a800 JavaThread "JDWP Transport Listener: dt_socket" daemon [_thread_blocked, id=14529, stack(0x65c2e000,0x65c7f000)]
  0x62b91800 JavaThread "Signal Dispatcher" daemon [_thread_blocked, id=14527, stack(0x65e2e000,0x65e7f000)]
  0x62b78800 JavaThread "Finalizer" daemon [_thread_blocked, id=14526, stack(0x6602e000,0x6607f000)]
  0x62b75800 JavaThread "Reference Handler" daemon [_thread_blocked, id=14525, stack(0x6622e000,0x6627f000)]
  0xb6307c00 JavaThread "main" [_thread_blocked, id=14515, stack(0xb640a000,0xb645b000)]

Other Threads:
=>0x62b71000 VMThread [stack: 0x62e66000,0x62ee7000] [id=14524]
  0x62bb1400 WatcherThread [stack: 0x622fc000,0x6237d000] [id=14542]

VM state:at safepoint (normal execution)

VM Mutex/Monitor currently owned by a thread:  ([mutex/lock_event])
[0xb63068b8] Threads_lock - owner thread: 0x62b71000

Heap:
 PSYoungGen      total 19200K, used 5326K [0x916c0000, 0x92c00000, 0xa6c00000)
  eden space 16640K, 32% used [0x916c0000,0x91bf38e8,0x92700000)
  from space 2560K, 0% used [0x92980000,0x92980000,0x92c00000)
  to   space 2560K, 0% used [0x92700000,0x92700000,0x92980000)
 ParOldGen       total 43776K, used 0K [0x66c00000, 0x696c0000, 0x916c0000)
  object space 43776K, 0% used [0x66c00000,0x66c00000,0x696c0000)
 Metaspace       used 3801K, capacity 3848K, committed 3864K, reserved 4400K

Card table byte_map: [0x669ff000,0x66c00000] byte_map_base: 0x666c9000

Marking Bits: (ParMarkBitMap*) 0xb70cd760
 Begin Bits: [0x63900000, 0x64900000)
 End Bits:   [0x64900000, 0x65900000)

Polling page: 0xb76d4000

CodeCache: size=245760Kb used=1185Kb max_used=1185Kb free=244574Kb
 bounds [0xa7017000, 0xa7257000, 0xb6017000]
 total_blobs=441 nmethods=281 adapters=84
 compilation: enabled

Compilation events (10 events):
Event: 0,379 Thread 0x62ba4400  275       3       java.lang.ClassLoader::getClassLoadingLock (35 bytes)
Event: 0,379 Thread 0x62ba4400 nmethod 275 0xa7136ac8 code [0xa7136c00, 0xa7136ecc]
Event: 0,379 Thread 0x62ba4400  277       3       java.lang.ClassLoader::findLoadedClass (16 bytes)
Event: 0,380 Thread 0x62ba4400 nmethod 277 0xa713c4c8 code [0xa713c600, 0xa713c778]
Event: 0,395 Thread 0x62ba4400  279       3       java.net.URLStreamHandler::setURL (40 bytes)
Event: 0,395 Thread 0x62ba4400 nmethod 279 0xa713be88 code [0xa713bfc0, 0xa713c2b8]
Event: 0,395 Thread 0x62ba4400  280   !   3       java.net.URL::set (114 bytes)
Event: 0,396 Thread 0x62ba4400 nmethod 280 0xa713ad08 code [0xa713aee0, 0xa713b830]
Event: 0,411 Thread 0x62ba4400  281  s    3       java.util.Vector::addElement (38 bytes)
Event: 0,412 Thread 0x62ba4400 nmethod 281 0xa713a5c8 code [0xa713a720, 0xa713ab2c]

GC Heap History (0 events):
No events

Deoptimization events (0 events):
No events

Internal exceptions (10 events):
Event: 0,133 Thread 0xb6307c00 Exception <a 'java/security/PrivilegedActionException'> (0x9170f818) thrown at [/build/openjdk-8-eaCEHi/openjdk-8-8u72-b15/src/hotspot/src/share/vm/prims/jvm.cpp, line 1386]
Event: 0,146 Thread 0xb6307c00 Exception <a 'java/io/FileNotFoundException'> (0x91779540) thrown at [/build/openjdk-8-eaCEHi/openjdk-8-8u72-b15/src/hotspot/src/share/vm/prims/jni.cpp, line 709]
Event: 0,146 Thread 0xb6307c00 Exception <a 'java/security/PrivilegedActionException'> (0x91779928) thrown at [/build/openjdk-8-eaCEHi/openjdk-8-8u72-b15/src/hotspot/src/share/vm/prims/jvm.cpp, line 1386]
Event: 0,146 Thread 0xb6307c00 Exception <a 'java/security/PrivilegedActionException'> (0x91779b28) thrown at [/build/openjdk-8-eaCEHi/openjdk-8-8u72-b15/src/hotspot/src/share/vm/prims/jvm.cpp, line 1386]
Event: 0,348 Thread 0xb6307c00 Exception <a 'java/security/PrivilegedActionException'> (0x91b498f8) thrown at [/build/openjdk-8-eaCEHi/openjdk-8-8u72-b15/src/hotspot/src/share/vm/prims/jvm.cpp, line 1386]
Event: 0,348 Thread 0xb6307c00 Exception <a 'java/security/PrivilegedActionException'> (0x91b49cd8) thrown at [/build/openjdk-8-eaCEHi/openjdk-8-8u72-b15/src/hotspot/src/share/vm/prims/jvm.cpp, line 1386]
Event: 0,348 Thread 0xb6307c00 Exception <a 'java/security/PrivilegedActionException'> (0x91b4bed8) thrown at [/build/openjdk-8-eaCEHi/openjdk-8-8u72-b15/src/hotspot/src/share/vm/prims/jvm.cpp, line 1386]
Event: 0,348 Thread 0xb6307c00 Exception <a 'java/security/PrivilegedActionException'> (0x91b4c2b8) thrown at [/build/openjdk-8-eaCEHi/openjdk-8-8u72-b15/src/hotspot/src/share/vm/prims/jvm.cpp, line 1386]
Event: 0,348 Thread 0xb6307c00 Exception <a 'java/security/PrivilegedActionException'> (0x91b4d0b0) thrown at [/build/openjdk-8-eaCEHi/openjdk-8-8u72-b15/src/hotspot/src/share/vm/prims/jvm.cpp, line 1386]
Event: 0,348 Thread 0xb6307c00 Exception <a 'java/security/PrivilegedActionException'> (0x91b4d4b8) thrown at [/build/openjdk-8-eaCEHi/openjdk-8-8u72-b15/src/hotspot/src/share/vm/prims/jvm.cpp, line 1386]

Events (10 events):
Event: 126,695 Executing VM operation: ChangeBreakpoints done
Event: 126,697 Executing VM operation: EnterInterpOnlyMode
Event: 126,697 Executing VM operation: EnterInterpOnlyMode done
Event: 126,697 Executing VM operation: GetCurrentLocation
Event: 126,697 Executing VM operation: GetCurrentLocation done
Event: 126,697 Executing VM operation: ChangeSingleStep
Event: 126,697 Executing VM operation: ChangeSingleStep done
Event: 126,697 Executing VM operation: ChangeSingleStep
Event: 126,697 Executing VM operation: ChangeSingleStep done
Event: 126,791 Executing VM operation: GetOrSetLocal


Dynamic libraries:
08048000-08049000 r-xp 00000000 08:01 5643656    /usr/lib/jvm/java-8-openjdk-i386/jre/bin/java
08049000-0804a000 r--p 00000000 08:01 5643656    /usr/lib/jvm/java-8-openjdk-i386/jre/bin/java
0804a000-0804b000 rw-p 00001000 08:01 5643656    /usr/lib/jvm/java-8-openjdk-i386/jre/bin/java
08d68000-08d89000 rw-p 00000000 00:00 0          [heap]
62100000-621e4000 rw-p 00000000 00:00 0 
621e4000-62200000 ---p 00000000 00:00 0 
622ab000-622ae000 ---p 00000000 00:00 0 
622ae000-622fc000 rw-p 00000000 00:00 0          [stack:14543]
622fc000-622fd000 ---p 00000000 00:00 0 
622fd000-6237d000 rw-p 00000000 00:00 0          [stack:14542]
6237d000-62380000 ---p 00000000 00:00 0 
62380000-623fe000 rw-p 00000000 00:00 0          [stack:14540]
623fe000-62401000 ---p 00000000 00:00 0 
62401000-6247f000 rw-p 00000000 00:00 0          [stack:14539]
6247f000-62482000 ---p 00000000 00:00 0 
62482000-62500000 rw-p 00000000 00:00 0          [stack:14538]
62500000-62567000 rw-p 00000000 00:00 0 
62567000-62600000 ---p 00000000 00:00 0 
6262e000-62631000 ---p 00000000 00:00 0 
62631000-6267f000 rw-p 00000000 00:00 0          [stack:14541]
6267f000-62682000 ---p 00000000 00:00 0 
62682000-62700000 rw-p 00000000 00:00 0          [stack:14537]
62700000-62724000 rw-p 00000000 00:00 0 
62724000-62800000 ---p 00000000 00:00 0 
62800000-6283f000 rw-p 00000000 00:00 0 
6283f000-62900000 ---p 00000000 00:00 0 
62900000-62921000 rw-p 00000000 00:00 0 
62921000-62a00000 ---p 00000000 00:00 0 
62a00000-62ab8000 rw-p 00000000 00:00 0 
62ab8000-62b00000 ---p 00000000 00:00 0 
62b00000-62bff000 rw-p 00000000 00:00 0 
62bff000-62c00000 ---p 00000000 00:00 0 
62c00000-62c21000 rw-p 00000000 00:00 0 
62c21000-62d00000 ---p 00000000 00:00 0 
62d00000-62df9000 rw-p 00000000 00:00 0 
62df9000-62e00000 ---p 00000000 00:00 0 
62e15000-62e18000 ---p 00000000 00:00 0 
62e18000-62e66000 rw-p 00000000 00:00 0          [stack:14533]
62e66000-62e67000 ---p 00000000 00:00 0 
62e67000-62ee7000 rw-p 00000000 00:00 0          [stack:14524]
62ee7000-630b4000 r--s 03be5000 08:01 5515330    /usr/lib/jvm/java-8-openjdk-i386/jre/lib/rt.jar
630b4000-6347a000 rw-p 00000000 00:00 0 
6347a000-63500000 ---p 00000000 00:00 0 
63500000-65900000 rw-p 00000000 00:00 0 
65900000-65921000 rw-p 00000000 00:00 0 
65921000-65a00000 ---p 00000000 00:00 0 
65a2e000-65a31000 ---p 00000000 00:00 0 
65a31000-65a7f000 rw-p 00000000 00:00 0          [stack:14532]
65a7f000-65a80000 ---p 00000000 00:00 0 
65a80000-65b00000 rw-p 00000000 00:00 0          [stack:14523]
65b00000-65b21000 rw-p 00000000 00:00 0 
65b21000-65c00000 ---p 00000000 00:00 0 
65c2e000-65c31000 ---p 00000000 00:00 0 
65c31000-65c7f000 rw-p 00000000 00:00 0          [stack:14529]
65c7f000-65c80000 ---p 00000000 00:00 0 
65c80000-65d00000 rw-p 00000000 00:00 0          [stack:14522]
65d00000-65d21000 rw-p 00000000 00:00 0 
65d21000-65e00000 ---p 00000000 00:00 0 
65e2e000-65e31000 ---p 00000000 00:00 0 
65e31000-65e7f000 rw-p 00000000 00:00 0          [stack:14527]
65e7f000-65e80000 ---p 00000000 00:00 0 
65e80000-65f00000 rw-p 00000000 00:00 0          [stack:14521]
65f00000-65f21000 rw-p 00000000 00:00 0 
65f21000-66000000 ---p 00000000 00:00 0 
66015000-6602c000 r-xp 00000000 08:01 5515299    /usr/lib/jvm/java-8-openjdk-i386/jre/lib/i386/libnet.so
6602c000-6602d000 r--p 00016000 08:01 5515299    /usr/lib/jvm/java-8-openjdk-i386/jre/lib/i386/libnet.so
6602d000-6602e000 rw-p 00017000 08:01 5515299    /usr/lib/jvm/java-8-openjdk-i386/jre/lib/i386/libnet.so
6602e000-66031000 ---p 00000000 00:00 0 
66031000-6607f000 rw-p 00000000 00:00 0          [stack:14526]
6607f000-66080000 ---p 00000000 00:00 0 
66080000-66100000 rw-p 00000000 00:00 0          [stack:14520]
66100000-66121000 rw-p 00000000 00:00 0 
66121000-66200000 ---p 00000000 00:00 0 
6620c000-6622e000 r--p 00000000 08:01 5646062    /usr/share/locale-langpack/pt_BR/LC_MESSAGES/libc.mo
6622e000-66231000 ---p 00000000 00:00 0 
66231000-6627f000 rw-p 00000000 00:00 0          [stack:14525]
6627f000-66280000 ---p 00000000 00:00 0 
66280000-66300000 rw-p 00000000 00:00 0          [stack:14519]
66300000-66321000 rw-p 00000000 00:00 0 
66321000-66400000 ---p 00000000 00:00 0 
66409000-6640c000 r--s 00015000 08:01 5515323    /usr/lib/jvm/java-8-openjdk-i386/jre/lib/jce.jar
6640c000-66410000 r--s 00097000 08:01 5515350    /usr/lib/jvm/java-8-openjdk-i386/jre/lib/jsse.jar
66410000-66417000 r--s 00000000 08:01 4731547    /usr/lib/i386-linux-gnu/gconv/gconv-modules.cache
66417000-66432000 r--s 001d7000 08:01 5515339    /usr/lib/jvm/java-8-openjdk-i386/jre/lib/ext/nashorn.jar
66432000-6647f000 rw-p 00000000 00:00 0 
6647f000-66480000 ---p 00000000 00:00 0 
66480000-66500000 rw-p 00000000 00:00 0          [stack:14518]
66500000-66521000 rw-p 00000000 00:00 0 
66521000-66600000 ---p 00000000 00:00 0 
66601000-66602000 rw-p 00000000 00:00 0 
66602000-66608000 r--s 00036000 08:01 5511563    /usr/lib/eclipse/plugins/org.junit_4.11.0.v201303080030/junit.jar
66608000-66624000 r--s 00393000 08:01 5515341    /usr/lib/jvm/java-8-openjdk-i386/jre/lib/ext/cldrdata.jar
66624000-6667f000 rw-p 00000000 00:00 0 
6667f000-66680000 ---p 00000000 00:00 0 
66680000-66700000 rw-p 00000000 00:00 0          [stack:14517]
66700000-66721000 rw-p 00000000 00:00 0 
66721000-66800000 ---p 00000000 00:00 0 
66800000-66801000 rw-p 00000000 00:00 0 
66801000-6680c000 r-xp 00000000 08:01 135711     /lib/i386-linux-gnu/libnss_files-2.19.so
6680c000-6680d000 r--p 0000a000 08:01 135711     /lib/i386-linux-gnu/libnss_files-2.19.so
6680d000-6680e000 rw-p 0000b000 08:01 135711     /lib/i386-linux-gnu/libnss_files-2.19.so
6680e000-66811000 r--s 00016000 00:1b 68557963   /home/aramissa/Downloads/easyaccept.jar
66811000-66813000 r--s 0000c000 08:01 5512962    /usr/lib/eclipse/plugins/org.hamcrest.core_1.3.0.v201303031735.jar
66813000-66815000 r--s 00001000 08:01 5515340    /usr/lib/jvm/java-8-openjdk-i386/jre/lib/ext/dnsns.jar
66815000-66818000 r--s 0000f000 08:01 5515346    /usr/lib/jvm/java-8-openjdk-i386/jre/lib/ext/icedtea-sound.jar
66818000-66822000 r--s 00116000 08:01 5515347    /usr/lib/jvm/java-8-openjdk-i386/jre/lib/ext/localedata.jar
66822000-66828000 r--s 0003a000 08:01 5515345    /usr/lib/jvm/java-8-openjdk-i386/jre/lib/ext/sunjce_provider.jar
66828000-66829000 ---p 00000000 00:00 0 
66829000-668bf000 rw-p 00000000 00:00 0          [stack:14516]
668bf000-669ff000 ---p 00000000 00:00 0 
669ff000-66a15000 rw-p 00000000 00:00 0 
66a15000-66b54000 ---p 00000000 00:00 0 
66b54000-66b5f000 rw-p 00000000 00:00 0 
66b5f000-66bff000 ---p 00000000 00:00 0 
66bff000-696c0000 rw-p 00000000 00:00 0 
696c0000-916c0000 ---p 00000000 00:00 0 
916c0000-92c00000 rw-p 00000000 00:00 0 
92c00000-a6c00000 ---p 00000000 00:00 0 
a6c00000-a6c02000 r--s 00006000 08:01 5117138    /usr/share/java/java-atk-wrapper.jar
a6c02000-a6c03000 r--s 0000a000 08:01 5515343    /usr/lib/jvm/java-8-openjdk-i386/jre/lib/ext/jaccess.jar
a6c03000-a6c04000 r--s 00010000 08:01 5515344    /usr/lib/jvm/java-8-openjdk-i386/jre/lib/ext/zipfs.jar
a6c04000-a6c39000 r--s 00000000 08:01 2893152    /var/cache/nscd/hosts
a6c39000-a6c3d000 r-xp 00000000 08:01 5515316    /usr/lib/jvm/java-8-openjdk-i386/jre/lib/i386/libdt_socket.so
a6c3d000-a6c3e000 r--p 00003000 08:01 5515316    /usr/lib/jvm/java-8-openjdk-i386/jre/lib/i386/libdt_socket.so
a6c3e000-a6c3f000 rw-p 00004000 08:01 5515316    /usr/lib/jvm/java-8-openjdk-i386/jre/lib/i386/libdt_socket.so
a6c3f000-a6c60000 rw-p 00000000 00:00 0 
a6c60000-a7017000 ---p 00000000 00:00 0 
a7017000-a7257000 rwxp 00000000 00:00 0 
a7257000-b6017000 ---p 00000000 00:00 0 
b6017000-b6020000 r-xp 00000000 08:01 5515305    /usr/lib/jvm/java-8-openjdk-i386/jre/lib/i386/libzip.so
b6020000-b6021000 r--p 00008000 08:01 5515305    /usr/lib/jvm/java-8-openjdk-i386/jre/lib/i386/libzip.so
b6021000-b6022000 rw-p 00009000 08:01 5515305    /usr/lib/jvm/java-8-openjdk-i386/jre/lib/i386/libzip.so
b6022000-b602a000 rw-s 00000000 08:01 3145751    /tmp/hsperfdata_aramissa/14507
b602a000-b6096000 r--s 00000000 08:01 2893150    /var/cache/nscd/passwd
b6096000-b6296000 r--p 00000000 08:01 4727065    /usr/lib/locale/locale-archive
b6296000-b62d4000 r-xp 00000000 08:01 5515228    /usr/lib/jvm/java-8-openjdk-i386/jre/lib/i386/libjdwp.so
b62d4000-b62d5000 r--p 0003d000 08:01 5515228    /usr/lib/jvm/java-8-openjdk-i386/jre/lib/i386/libjdwp.so
b62d5000-b62d6000 rw-p 0003e000 08:01 5515228    /usr/lib/jvm/java-8-openjdk-i386/jre/lib/i386/libjdwp.so
b62d6000-b62fe000 r-xp 00000000 08:01 5515232    /usr/lib/jvm/java-8-openjdk-i386/jre/lib/i386/libjava.so
b62fe000-b62ff000 r--p 00027000 08:01 5515232    /usr/lib/jvm/java-8-openjdk-i386/jre/lib/i386/libjava.so
b62ff000-b6300000 rw-p 00028000 08:01 5515232    /usr/lib/jvm/java-8-openjdk-i386/jre/lib/i386/libjava.so
b6300000-b63f8000 rw-p 00000000 00:00 0 
b63f8000-b6400000 ---p 00000000 00:00 0 
b6400000-b6401000 r--s 00008000 08:01 5515342    /usr/lib/jvm/java-8-openjdk-i386/jre/lib/ext/sunec.jar
b6401000-b6408000 r-xp 00000000 08:01 137145     /lib/i386-linux-gnu/librt-2.19.so
b6408000-b6409000 r--p 00006000 08:01 137145     /lib/i386-linux-gnu/librt-2.19.so
b6409000-b640a000 rw-p 00007000 08:01 137145     /lib/i386-linux-gnu/librt-2.19.so
b640a000-b640d000 ---p 00000000 00:00 0 
b640d000-b645b000 rw-p 00000000 00:00 0          [stack:14515]
b645b000-b6477000 r-xp 00000000 08:01 131101     /lib/i386-linux-gnu/libgcc_s.so.1
b6477000-b6478000 rw-p 0001b000 08:01 131101     /lib/i386-linux-gnu/libgcc_s.so.1
b6478000-b64bc000 r-xp 00000000 08:01 137147     /lib/i386-linux-gnu/libm-2.19.so
b64bc000-b64bd000 r--p 00043000 08:01 137147     /lib/i386-linux-gnu/libm-2.19.so
b64bd000-b64be000 rw-p 00044000 08:01 137147     /lib/i386-linux-gnu/libm-2.19.so
b64be000-b659a000 r-xp 00000000 08:01 4724825    /usr/lib/i386-linux-gnu/libstdc++.so.6.0.19
b659a000-b659b000 ---p 000dc000 08:01 4724825    /usr/lib/i386-linux-gnu/libstdc++.so.6.0.19
b659b000-b659f000 r--p 000dc000 08:01 4724825    /usr/lib/i386-linux-gnu/libstdc++.so.6.0.19
b659f000-b65a0000 rw-p 000e0000 08:01 4724825    /usr/lib/i386-linux-gnu/libstdc++.so.6.0.19
b65a0000-b65a7000 rw-p 00000000 00:00 0 
b65a7000-b705c000 r-xp 00000000 08:01 5515303    /usr/lib/jvm/java-8-openjdk-i386/jre/lib/i386/server/libjvm.so
b705c000-b70a8000 r--p 00ab4000 08:01 5515303    /usr/lib/jvm/java-8-openjdk-i386/jre/lib/i386/server/libjvm.so
b70a8000-b70bf000 rw-p 00b00000 08:01 5515303    /usr/lib/jvm/java-8-openjdk-i386/jre/lib/i386/server/libjvm.so
b70bf000-b74df000 rw-p 00000000 00:00 0 
b74df000-b74f7000 r-xp 00000000 08:01 137160     /lib/i386-linux-gnu/libpthread-2.19.so
b74f7000-b74f8000 r--p 00017000 08:01 137160     /lib/i386-linux-gnu/libpthread-2.19.so
b74f8000-b74f9000 rw-p 00018000 08:01 137160     /lib/i386-linux-gnu/libpthread-2.19.so
b74f9000-b74fb000 rw-p 00000000 00:00 0 
b74fb000-b74fe000 r-xp 00000000 08:01 137162     /lib/i386-linux-gnu/libdl-2.19.so
b74fe000-b74ff000 r--p 00002000 08:01 137162     /lib/i386-linux-gnu/libdl-2.19.so
b74ff000-b7500000 rw-p 00003000 08:01 137162     /lib/i386-linux-gnu/libdl-2.19.so
b7500000-b7518000 r-xp 00000000 08:01 132223     /lib/i386-linux-gnu/libz.so.1.2.8
b7518000-b7519000 r--p 00017000 08:01 132223     /lib/i386-linux-gnu/libz.so.1.2.8
b7519000-b751a000 rw-p 00018000 08:01 132223     /lib/i386-linux-gnu/libz.so.1.2.8
b751a000-b76c3000 r-xp 00000000 08:01 137152     /lib/i386-linux-gnu/libc-2.19.so
b76c3000-b76c4000 ---p 001a9000 08:01 137152     /lib/i386-linux-gnu/libc-2.19.so
b76c4000-b76c6000 r--p 001a9000 08:01 137152     /lib/i386-linux-gnu/libc-2.19.so
b76c6000-b76c7000 rw-p 001ab000 08:01 137152     /lib/i386-linux-gnu/libc-2.19.so
b76c7000-b76cb000 rw-p 00000000 00:00 0 
b76cb000-b76cf000 r--s 00037000 08:01 5515348    /usr/lib/jvm/java-8-openjdk-i386/jre/lib/ext/sunpkcs11.jar
b76cf000-b76d1000 r-xp 00000000 08:01 5515227    /usr/lib/jvm/java-8-openjdk-i386/jre/lib/i386/libnpt.so
b76d1000-b76d2000 r--p 00001000 08:01 5515227    /usr/lib/jvm/java-8-openjdk-i386/jre/lib/i386/libnpt.so
b76d2000-b76d3000 rw-p 00002000 08:01 5515227    /usr/lib/jvm/java-8-openjdk-i386/jre/lib/i386/libnpt.so
b76d3000-b76d4000 rw-p 00000000 00:00 0 
b76d4000-b76d5000 ---p 00000000 00:00 0 
b76d5000-b76e3000 r-xp 00000000 08:01 5515233    /usr/lib/jvm/java-8-openjdk-i386/jre/lib/i386/libverify.so
b76e3000-b76e4000 r--p 0000d000 08:01 5515233    /usr/lib/jvm/java-8-openjdk-i386/jre/lib/i386/libverify.so
b76e4000-b76e5000 rw-p 0000e000 08:01 5515233    /usr/lib/jvm/java-8-openjdk-i386/jre/lib/i386/libverify.so
b76e5000-b76f2000 r-xp 00000000 08:01 5643660    /usr/lib/jvm/java-8-openjdk-i386/jre/lib/i386/jli/libjli.so
b76f2000-b76f3000 r--p 0000c000 08:01 5643660    /usr/lib/jvm/java-8-openjdk-i386/jre/lib/i386/jli/libjli.so
b76f3000-b76f4000 rw-p 0000d000 08:01 5643660    /usr/lib/jvm/java-8-openjdk-i386/jre/lib/i386/jli/libjli.so
b76f4000-b76f6000 rw-p 00000000 00:00 0 
b76f6000-b76f7000 r-xp 00000000 00:00 0          [vdso]
b76f7000-b7717000 r-xp 00000000 08:01 137161     /lib/i386-linux-gnu/ld-2.19.so
b7717000-b7718000 r--p 0001f000 08:01 137161     /lib/i386-linux-gnu/ld-2.19.so
b7718000-b7719000 rw-p 00020000 08:01 137161     /lib/i386-linux-gnu/ld-2.19.so
bfc15000-bfc16000 rwxp 00000000 00:00 0 
bfc48000-bfc69000 rw-p 00000000 00:00 0          [stack]

VM Arguments:
jvm_args: -agentlib:jdwp=transport=dt_socket,suspend=y,address=localhost:32951 -Dfile.encoding=UTF-8 
java_command: org.eclipse.jdt.internal.junit.runner.RemoteTestRunner -version 3 -port 55857 -testLoaderClass org.eclipse.jdt.internal.junit4.runner.JUnit4TestLoader -loaderpluginname org.eclipse.jdt.junit4.runtime -classNames controller.ControllerTest
java_class_path (initial): /home/aramissa/workspace/ProjetoLP2/bin:/usr/lib/eclipse/plugins/org.junit_4.11.0.v201303080030/junit.jar:/usr/lib/eclipse/plugins/org.hamcrest.core_1.3.0.v201303031735.jar:/home/aramissa/Downloads/easyaccept.jar:/home/aramissa/.eclipse/org.eclipse.platform_4.4.1_155965261_linux_gtk_x86/configuration/org.eclipse.osgi/359/0/.cp/:/home/aramissa/.eclipse/org.eclipse.platform_4.4.1_155965261_linux_gtk_x86/configuration/org.eclipse.osgi/358/0/.cp/
Launcher Type: SUN_STANDARD

Environment Variables:
PATH=/usr/local/sbin:/usr/local/bin:/usr/sbin:/usr/bin:/sbin:/bin:/usr/games:/usr/local/games:/var/scripts/
LD_LIBRARY_PATH=/usr/lib/jvm/java-8-openjdk-i386/jre/lib/i386/server:/usr/lib/jvm/java-8-openjdk-i386/jre/lib/i386:
SHELL=/bin/bash
DISPLAY=:0

Signal Handlers:
SIGSEGV: [libjvm.so+0x8a88b0], sa_mask[0]=11111111011111111101111111111110, sa_flags=SA_RESTART|SA_SIGINFO
SIGBUS: [libjvm.so+0x8a88b0], sa_mask[0]=11111111011111111101111111111110, sa_flags=SA_RESTART|SA_SIGINFO
SIGFPE: [libjvm.so+0x7136e0], sa_mask[0]=11111111011111111101111111111110, sa_flags=SA_RESTART|SA_SIGINFO
SIGPIPE: [libjvm.so+0x7136e0], sa_mask[0]=11111111011111111101111111111110, sa_flags=SA_RESTART|SA_SIGINFO
SIGXFSZ: [libjvm.so+0x7136e0], sa_mask[0]=11111111011111111101111111111110, sa_flags=SA_RESTART|SA_SIGINFO
SIGILL: [libjvm.so+0x7136e0], sa_mask[0]=11111111011111111101111111111110, sa_flags=SA_RESTART|SA_SIGINFO
SIGUSR1: SIG_DFL, sa_mask[0]=00000000000000000000000000000000, sa_flags=none
SIGUSR2: [libjvm.so+0x713520], sa_mask[0]=00100000000000000000000000000000, sa_flags=SA_RESTART|SA_SIGINFO
SIGHUP: [libjvm.so+0x7137b0], sa_mask[0]=11111111011111111101111111111110, sa_flags=SA_RESTART|SA_SIGINFO
SIGINT: [libjvm.so+0x7137b0], sa_mask[0]=11111111011111111101111111111110, sa_flags=SA_RESTART|SA_SIGINFO
SIGTERM: [libjvm.so+0x7137b0], sa_mask[0]=11111111011111111101111111111110, sa_flags=SA_RESTART|SA_SIGINFO
SIGQUIT: [libjvm.so+0x7137b0], sa_mask[0]=11111111011111111101111111111110, sa_flags=SA_RESTART|SA_SIGINFO


---------------  S Y S T E M  ---------------

OS:DISTRIB_ID=Ubuntu
DISTRIB_RELEASE=14.04
DISTRIB_CODENAME=trusty
DISTRIB_DESCRIPTION="Ubuntu 14.04.1 LTS"

uname:Linux 3.13.0-37-generic #64-Ubuntu SMP Mon Sep 22 21:30:01 UTC 2014 i686
libc:glibc 2.19 NPTL 2.19 
rlimit: STACK 8192k, CORE 0k, NPROC 62079, NOFILE 4096, AS infinity
load average:0,31 0,11 0,11

/proc/meminfo:
MemTotal:        7965416 kB
MemFree:         4763740 kB
Buffers:          148988 kB
Cached:          1530568 kB
SwapCached:            0 kB
Active:          1922324 kB
Inactive:        1129192 kB
Active(anon):    1374236 kB
Inactive(anon):   418272 kB
Active(file):     548088 kB
Inactive(file):   710920 kB
Unevictable:          48 kB
Mlocked:              48 kB
HighTotal:       7156644 kB
HighFree:        4379152 kB
LowTotal:         808772 kB
LowFree:          384588 kB
SwapTotal:       7998460 kB
SwapFree:        7998460 kB
Dirty:                80 kB
Writeback:            20 kB
AnonPages:       1372200 kB
Mapped:           310132 kB
Shmem:            420552 kB
Slab:              87828 kB
SReclaimable:      62208 kB
SUnreclaim:        25620 kB
KernelStack:        5200 kB
PageTables:        14512 kB
NFS_Unstable:          0 kB
Bounce:                0 kB
WritebackTmp:          0 kB
CommitLimit:    11981168 kB
Committed_AS:    6559800 kB
VmallocTotal:     122880 kB
VmallocUsed:       22332 kB
VmallocChunk:      96300 kB
HardwareCorrupted:     0 kB
AnonHugePages:    724992 kB
HugePages_Total:       0
HugePages_Free:        0
HugePages_Rsvd:        0
HugePages_Surp:        0
Hugepagesize:       2048 kB
DirectMap4k:       12280 kB
DirectMap2M:      899072 kB


CPU:total 8 (4 cores per cpu, 2 threads per core) family 6 model 42 stepping 7, cmov, cx8, fxsr, mmx, sse, sse2, sse3, ssse3, sse4.1, sse4.2, popcnt, avx, aes, clmul, ht, tsc, tscinvbit

/proc/cpuinfo:
processor	: 0
vendor_id	: GenuineIntel
cpu family	: 6
model		: 42
model name	: Intel(R) Core(TM) i7-2600 CPU @ 3.40GHz
stepping	: 7
microcode	: 0x23
cpu MHz		: 1600.000
cache size	: 8192 KB
physical id	: 0
siblings	: 8
core id		: 0
cpu cores	: 4
apicid		: 0
initial apicid	: 0
fdiv_bug	: no
f00f_bug	: no
coma_bug	: no
fpu		: yes
fpu_exception	: yes
cpuid level	: 13
wp		: yes
flags		: fpu vme de pse tsc msr pae mce cx8 apic sep mtrr pge mca cmov pat pse36 clflush dts acpi mmx fxsr sse sse2 ss ht tm pbe nx rdtscp lm constant_tsc arch_perfmon pebs bts xtopology nonstop_tsc aperfmperf eagerfpu pni pclmulqdq dtes64 ds_cpl vmx smx est tm2 ssse3 cx16 xtpr pdcm pcid sse4_1 sse4_2 x2apic popcnt tsc_deadline_timer aes xsave avx lahf_lm ida arat epb xsaveopt pln pts dtherm tpr_shadow vnmi flexpriority ept vpid
bogomips	: 6784.61
clflush size	: 64
cache_alignment	: 64
address sizes	: 36 bits physical, 48 bits virtual
power management:

processor	: 1
vendor_id	: GenuineIntel
cpu family	: 6
model		: 42
model name	: Intel(R) Core(TM) i7-2600 CPU @ 3.40GHz
stepping	: 7
microcode	: 0x23
cpu MHz		: 2000.000
cache size	: 8192 KB
physical id	: 0
siblings	: 8
core id		: 1
cpu cores	: 4
apicid		: 2
initial apicid	: 2
fdiv_bug	: no
f00f_bug	: no
coma_bug	: no
fpu		: yes
fpu_exception	: yes
cpuid level	: 13
wp		: yes
flags		: fpu vme de pse tsc msr pae mce cx8 apic sep mtrr pge mca cmov pat pse36 clflush dts acpi mmx fxsr sse sse2 ss ht tm pbe nx rdtscp lm constant_tsc arch_perfmon pebs bts xtopology nonstop_tsc aperfmperf eagerfpu pni pclmulqdq dtes64 monitor ds_cpl vmx smx est tm2 ssse3 cx16 xtpr pdcm pcid sse4_1 sse4_2 x2apic popcnt tsc_deadline_timer aes xsave avx lahf_lm ida arat epb xsaveopt pln pts dtherm tpr_shadow vnmi flexpriority ept vpid
bogomips	: 6784.61
clflush size	: 64
cache_alignment	: 64
address sizes	: 36 bits physical, 48 bits virtual
power management:

processor	: 2
vendor_id	: GenuineIntel
cpu family	: 6
model		: 42
model name	: Intel(R) Core(TM) i7-2600 CPU @ 3.40GHz
stepping	: 7
microcode	: 0x23
cpu MHz		: 1600.000
cache size	: 8192 KB
physical id	: 0
siblings	: 8
core id		: 2
cpu cores	: 4
apicid		: 4
initial apicid	: 4
fdiv_bug	: no
f00f_bug	: no
coma_bug	: no
fpu		: yes
fpu_exception	: yes
cpuid level	: 13
wp		: yes
flags		: fpu vme de pse tsc msr pae mce cx8 apic sep mtrr pge mca cmov pat pse36 clflush dts acpi mmx fxsr sse sse2 ss ht tm pbe nx rdtscp lm constant_tsc arch_perfmon pebs bts xtopology nonstop_tsc aperfmperf eagerfpu pni pclmulqdq dtes64 monitor ds_cpl vmx smx est tm2 ssse3 cx16 xtpr pdcm pcid sse4_1 sse4_2 x2apic popcnt tsc_deadline_timer aes xsave avx lahf_lm ida arat epb xsaveopt pln pts dtherm tpr_shadow vnmi flexpriority ept vpid
bogomips	: 6784.61
clflush size	: 64
cache_alignment	: 64
address sizes	: 36 bits physical, 48 bits virtual
power management:

processor	: 3
vendor_id	: GenuineIntel
cpu family	: 6
model		: 42
model name	: Intel(R) Core(TM) i7-2600 CPU @ 3.40GHz
stepping	: 7
microcode	: 0x23
cpu MHz		: 1600.000
cache size	: 8192 KB
physical id	: 0
siblings	: 8
core id		: 3
cpu cores	: 4
apicid		: 6
initial apicid	: 6
fdiv_bug	: no
f00f_bug	: no
coma_bug	: no
fpu		: yes
fpu_exception	: yes
cpuid level	: 13
wp		: yes
flags		: fpu vme de pse tsc msr pae mce cx8 apic sep mtrr pge mca cmov pat pse36 clflush dts acpi mmx fxsr sse sse2 ss ht tm pbe nx rdtscp lm constant_tsc arch_perfmon pebs bts xtopology nonstop_tsc aperfmperf eagerfpu pni pclmulqdq dtes64 monitor ds_cpl vmx smx est tm2 ssse3 cx16 xtpr pdcm pcid sse4_1 sse4_2 x2apic popcnt tsc_deadline_timer aes xsave avx lahf_lm ida arat epb xsaveopt pln pts dtherm tpr_shadow vnmi flexpriority ept vpid
bogomips	: 6784.61
clflush size	: 64
cache_alignment	: 64
address sizes	: 36 bits physical, 48 bits virtual
power management:

processor	: 4
vendor_id	: GenuineIntel
cpu family	: 6
model		: 42
model name	: Intel(R) Core(TM) i7-2600 CPU @ 3.40GHz
stepping	: 7
microcode	: 0x23
cpu MHz		: 3401.000
cache size	: 8192 KB
physical id	: 0
siblings	: 8
core id		: 0
cpu cores	: 4
apicid		: 1
initial apicid	: 1
fdiv_bug	: no
f00f_bug	: no
coma_bug	: no
fpu		: yes
fpu_exception	: yes
cpuid level	: 13
wp		: yes
flags		: fpu vme de pse tsc msr pae mce cx8 apic sep mtrr pge mca cmov pat pse36 clflush dts acpi mmx fxsr sse sse2 ss ht tm pbe nx rdtscp lm constant_tsc arch_perfmon pebs bts xtopology nonstop_tsc aperfmperf eagerfpu pni pclmulqdq dtes64 monitor ds_cpl vmx smx est tm2 ssse3 cx16 xtpr pdcm pcid sse4_1 sse4_2 x2apic popcnt tsc_deadline_timer aes xsave avx lahf_lm ida arat epb xsaveopt pln pts dtherm tpr_shadow vnmi flexpriority ept vpid
bogomips	: 6784.61
clflush size	: 64
cache_alignment	: 64
address sizes	: 36 bits physical, 48 bits virtual
power management:

processor	: 5
vendor_id	: GenuineIntel
cpu family	: 6
model		: 42
model name	: Intel(R) Core(TM) i7-2600 CPU @ 3.40GHz
stepping	: 7
microcode	: 0x23
cpu MHz		: 1600.000
cache size	: 8192 KB
physical id	: 0
siblings	: 8
core id		: 1
cpu cores	: 4
apicid		: 3
initial apicid	: 3
fdiv_bug	: no
f00f_bug	: no
coma_bug	: no
fpu		: yes
fpu_exception	: yes
cpuid level	: 13
wp		: yes
flags		: fpu vme de pse tsc msr pae mce cx8 apic sep mtrr pge mca cmov pat pse36 clflush dts acpi mmx fxsr sse sse2 ss ht tm pbe nx rdtscp lm constant_tsc arch_perfmon pebs bts xtopology nonstop_tsc aperfmperf eagerfpu pni pclmulqdq dtes64 monitor ds_cpl vmx smx est tm2 ssse3 cx16 xtpr pdcm pcid sse4_1 sse4_2 x2apic popcnt tsc_deadline_timer aes xsave avx lahf_lm ida arat epb xsaveopt pln pts dtherm tpr_shadow vnmi flexpriority ept vpid
bogomips	: 6784.61
clflush size	: 64
cache_alignment	: 64
address sizes	: 36 bits physical, 48 bits virtual
power management:

processor	: 6
vendor_id	: GenuineIntel
cpu family	: 6
model		: 42
model name	: Intel(R) Core(TM) i7-2600 CPU @ 3.40GHz
stepping	: 7
microcode	: 0x23
cpu MHz		: 1600.000
cache size	: 8192 KB
physical id	: 0
siblings	: 8
core id		: 2
cpu cores	: 4
apicid		: 5
initial apicid	: 5
fdiv_bug	: no
f00f_bug	: no
coma_bug	: no
fpu		: yes
fpu_exception	: yes
cpuid level	: 13
wp		: yes
flags		: fpu vme de pse tsc msr pae mce cx8 apic sep mtrr pge mca cmov pat pse36 clflush dts acpi mmx fxsr sse sse2 ss ht tm pbe nx rdtscp lm constant_tsc arch_perfmon pebs bts xtopology nonstop_tsc aperfmperf eagerfpu pni pclmulqdq dtes64 monitor ds_cpl vmx smx est tm2 ssse3 cx16 xtpr pdcm pcid sse4_1 sse4_2 x2apic popcnt tsc_deadline_timer aes xsave avx lahf_lm ida arat epb xsaveopt pln pts dtherm tpr_shadow vnmi flexpriority ept vpid
bogomips	: 6784.61
clflush size	: 64
cache_alignment	: 64
address sizes	: 36 bits physical, 48 bits virtual
power management:

processor	: 7
vendor_id	: GenuineIntel
cpu family	: 6
model		: 42
model name	: Intel(R) Core(TM) i7-2600 CPU @ 3.40GHz
stepping	: 7
microcode	: 0x23
cpu MHz		: 1600.000
cache size	: 8192 KB
physical id	: 0
siblings	: 8
core id		: 3
cpu cores	: 4
apicid		: 7
initial apicid	: 7
fdiv_bug	: no
f00f_bug	: no
coma_bug	: no
fpu		: yes
fpu_exception	: yes
cpuid level	: 13
wp		: yes
flags		: fpu vme de pse tsc msr pae mce cx8 apic sep mtrr pge mca cmov pat pse36 clflush dts acpi mmx fxsr sse sse2 ss ht tm pbe nx rdtscp lm constant_tsc arch_perfmon pebs bts xtopology nonstop_tsc aperfmperf eagerfpu pni pclmulqdq dtes64 monitor ds_cpl vmx smx est tm2 ssse3 cx16 xtpr pdcm pcid sse4_1 sse4_2 x2apic popcnt tsc_deadline_timer aes xsave avx lahf_lm ida arat epb xsaveopt pln pts dtherm tpr_shadow vnmi flexpriority ept vpid
bogomips	: 6784.61
clflush size	: 64
cache_alignment	: 64
address sizes	: 36 bits physical, 48 bits virtual
power management:



Memory: 4k page, physical 7965416k(4763740k free), swap 7998460k(7998460k free)

vm_info: OpenJDK Server VM (25.72-b15) for linux-x86 JRE (1.8.0_72-internal-b15), built on Jan 28 2016 23:47:06 by "buildd" with gcc 4.8.2

time: Tue May  3 09:35:48 2016
elapsed time: 126 seconds (0d 0h 2m 6s)

